<?xml version="1.0" encoding="UTF-8"?>
<!-- Generated by org.testng.reporters.JUnitXMLReporter -->
<testsuite hostname="Akshaykatoch" ignored="0" name="AppTest" tests="2" failures="1" timestamp="13 Oct 2020 11:21:04 GMT" time="32.435" errors="0">
  <testcase name="LoginInputs" time="19.057" classname="testcases.LoginTest"/>
  <testcase name="LoginInputs" time="11.39" classname="testcases.LoginTest">
    <failure type="java.lang.AssertionError" message="Login is NOT succcessful with valid parameters expected [true] but found [false]">
      <![CDATA[java.lang.AssertionError: Login is NOT succcessful with valid parameters expected [true] but found [false]
at testcases.LoginTest.LoginInputs(LoginTest.java:53)
... Removed 28 stack frames]]>
    </failure>
  </testcase> <!-- LoginInputs -->
</testsuite> <!-- AppTest -->
